/*C3*/SET SCHEMA PUBLIC
alter table Students_Projects drop constraint FK1373F3415B226DF5
alter table Students_Projects drop constraint FK1373F34180D25935
drop table Students_Projects if exists
drop table project if exists
drop table std if exists
create table Students_Projects (Project_ID bigint not null, Student_ID bigint not null, primary key (Project_ID, Student_ID))
create table project (id bigint generated by default as identity (start with 1), number varchar(10), projectType integer, title varchar(255), primary key (id), unique (number))
create table std (Id bigint generated by default as identity (start with 1), FIRST_NAME varchar(255), LAST_NAME varchar(255), name varchar(32), primary key (Id), unique (name))
alter table Students_Projects add constraint FK1373F3415B226DF5 foreign key (Student_ID) references std
alter table Students_Projects add constraint FK1373F34180D25935 foreign key (Project_ID) references project
INSERT INTO STD VALUES(1,NULL,NULL,'1447743466576')
COMMIT
INSERT INTO PROJECT VALUES(1,'100',NULL,NULL)
COMMIT
INSERT INTO PROJECT VALUES(2,'101',NULL,NULL)
DELETE FROM STD WHERE ID=1
INSERT INTO STD VALUES(1,'Tommy','Mary','1447743466576')
INSERT INTO STUDENTS_PROJECTS VALUES(1,1)
INSERT INTO STUDENTS_PROJECTS VALUES(2,1)
COMMIT
DISCONNECT
